invalid Package Link: file "/media/source/promet/source/base/pvisualprometapp.lpk" does not exist.
invalid Package Link: file "/media/source/promet/source/base_documents/pdocuments.lpk" does not exist.
invalid Package Link: file "/media/source/promet/source/base_ocr/pocr.lpk" does not exist.
invalid Package Link: file "/media/source/promet/source/import/pimportexport.lpk" does not exist.
invalid Package Link: file "/media/source/promet/source/components/scanning/laz_twain.lpk" does not exist.
invalid Package Link: file "/media/source/promet/source/components/scanning/sanetools.lpk" does not exist.
invalid Package Link: file "/media/source/promet/source/base_wiki/wiki2html_pkg.lpk" does not exist.
invalid Package Link: file "/media/source/promet/source/editform/tabeditor.lpk" does not exist.
invalid Package Link: file "/media/source/promet/source/statistics/statisticsaddon.lpk" does not exist.
invalid Package Link: file "/media/source/promet/source/base_repair/prepair.lpk" does not exist.
invalid Package Link: file "/media/source/promet/source/base_erp/perp.lpk" does not exist.
invalid Package Link: file "/media/source/promet/source/base_messaging/pmessaging.lpk" does not exist.
invalid Package Link: file "/media/source/promet/source/base/phelp.lpk" does not exist.
invalid Package Link: file "/media/source/promet/source/projectmanagement/projectmanagement.lpk" does not exist.
invalid Package Link: file "/media/source/promet/source/base_pm/pprojectbase.lpk" does not exist.
invalid Package Link: file "/media/source/promet/source/base_phone/pphones.lpk" does not exist.
invalid Package Link: file "/media/source/promet/source/components/tapi/laz_tapi.lpk" does not exist.
Hint: Start of reading config file /etc/fpc.cfg
Hint: End of reading config file /etc/fpc.cfg
Free Pascal Compiler version 2.6.0 [2012/08/24] for i386
Copyright (c) 1993-2011 by Florian Klaempfl and others
Target OS: Linux for i386
Compiling prometerp.lpr
Compiling upersonframe.pas
Compiling uaddressframe.pas
Compiling uimpclipboardcontact.pas
uimpclipboardcontact.pas(31,10) Warning: Function result does not seem to be set
uimpclipboardcontact.pas(18,63) Hint: Unit "uIntfStrConsts" not used in uImpClipboardContact
uimpclipboardcontact.pas(25,11) Hint: Unit "uData" not used in uImpClipboardContact
Writing Resource String Table file: uimpclipboardcontact.rst
uaddressframe.pas(72,16) Warning: Local variable "tmp" does not seem to be initialized
uaddressframe.pas(45,37) Hint: Parameter "Sender" not used
uaddressframe.pas(46,40) Hint: Parameter "Sender" not used
uaddressframe.pas(47,28) Hint: Parameter "Sender" not used
uaddressframe.pas(48,28) Hint: Parameter "Sender" not used
Compiling upersonfinance.pas
Compiling uaccountingtransfer.pas
Compiling uaccountingque.pas
Compiling ubankingdialog.pas
ubankingdialog.pas(9,11) Hint: Unit "ComCtrls" not used in uBankingDialog
uaccountingque.pas(119,114) Warning: Symbol "DecimalSeparator" is deprecated
uaccountingque.pas(148,130) Warning: Symbol "DecimalSeparator" is deprecated
uaccountingque.pas(150,131) Warning: Symbol "DecimalSeparator" is deprecated
uaccountingque.pas(99,3) Note: Local variable "iDate" not used
uaccountingque.pas(260,114) Hint: Local variable "Value" does not seem to be initialized
uaccountingque.pas(285,54) Warning: Local variable "tmp1" does not seem to be initialized
uaccountingque.pas(295,102) Warning: Symbol "DecimalSeparator" is deprecated
uaccountingque.pas(176,46) Warning: Function result does not seem to be set
uaccountingque.pas(181,3) Note: Local variable "Showerr" not used
uaccountingque.pas(182,3) Note: Local variable "line" not used
uaccountingque.pas(184,3) Note: Local variable "err" is assigned but never used
uaccountingque.pas(185,3) Note: Local variable "aRec" is assigned but never used
uaccountingque.pas(194,3) Note: Local variable "DelOK" is assigned but never used
uaccountingque.pas(53,26) Hint: Parameter "Sender" not used
uaccountingque.pas(54,27) Hint: Parameter "Sender" not used
uaccountingque.pas(55,27) Hint: Parameter "Sender" not used
uaccountingque.pas(55,59) Hint: Parameter "Shift" not used
uaccountingque.pas(425,3) Note: Local variable "Value" not used
uaccountingque.pas(56,27) Hint: Parameter "Sender" not used
uaccountingque.pas(57,26) Hint: Parameter "Sender" not used
uaccountingque.pas(58,35) Hint: Parameter "Sender" not used
uaccountingque.pas(58,56) Hint: Parameter "CloseAction" not used
uaccountingque.pas(511,55) Hint: Local variable "Value" does not seem to be initialized
uaccountingque.pas(534,39) Warning: Function result does not seem to be set
uaccountingque.pas(729,31) Warning: Function result does not seem to be set
uaccountingque.pas(746,31) Warning: Function result does not seem to be set
uaccountingque.pas(63,5) Note: Private field "TfAccountingQue.Commands" is never used
uaccountingque.pas(64,5) Note: Private field "TfAccountingQue.fLog" is never used
uaccountingque.pas(65,5) Note: Private field "TfAccountingQue.fLLog" is never used
uaccountingque.pas(66,5) Note: Private field "TfAccountingQue.OldWaitSize" is never used
uaccountingque.pas(67,5) Note: Private field "TfAccountingQue.ClearCue" is never used
uaccountingque.pas(81,3) Hint: Local const "strErrorPerformingQue" is not used
uaccountingque.pas(15,78) Hint: Unit "types" not used in uAccountingque
Writing Resource String Table file: uaccountingque.rst
uaccountingtransfer.pas(38,24) Hint: Parameter "Sender" not used
uaccountingtransfer.pas(36,25) Hint: Parameter "Sender" not used
uaccountingtransfer.pas(36,46) Hint: Parameter "CloseAction" not used
uaccountingtransfer.pas(37,26) Hint: Parameter "Sender" not used
uaccountingtransfer.pas(39,27) Hint: Parameter "Sender" not used
uaccountingtransfer.pas(83,3) Note: Local variable "CmdLn" not used
uaccountingtransfer.pas(40,24) Hint: Parameter "Sender" not used
uaccountingtransfer.pas(14,46) Hint: Unit "uIntfStrConsts" not used in uAccountingTransfer
Writing Resource String Table file: uaccountingtransfer.rst
upersonfinance.pas(30,30) Hint: Parameter "Sender" not used
Compiling utextframe.pas
Compiling uorderframe.pas
Compiling uorderadditionalframe.pas
uorderadditionalframe.pas(14,75) Hint: Unit "DBGrids" not used in uOrderAdditionalFrame
Compiling uoverviewframe.pas
uoverviewframe.pas(42,3) Note: Local variable "uNode" not used
uoverviewframe.pas(20,26) Hint: Parameter "Sender" not used
uoverviewframe.pas(100,50) Hint: Conversion between ordinals and pointers is not portable
uoverviewframe.pas(21,35) Hint: Parameter "Sender" not used
uoverviewframe.pas(25,26) Hint: Parameter "Data" not used
uoverviewframe.pas(29,25) Hint: Parameter "Editable" not used
uoverviewframe.pas(14,88) Hint: Unit "uBaseVisualControls" not used in uOverviewFrame
Compiling uorderdateframe.pas
uorderdateframe.pas(15,33) Hint: Unit "uOrder" not used in uOrderDateFrame
Compiling uchangestatus.pas
uchangestatus.pas(30,25) Hint: Parameter "Sender" not used
uchangestatus.pas(30,57) Hint: Parameter "Shift" not used
uchangestatus.pas(18,17) Hint: Unit "uIntfStrConsts" not used in uChangeStatus
Compiling unewstorage.pas
unewstorage.pas(21,27) Hint: Parameter "Sender" not used
unewstorage.pas(21,59) Hint: Parameter "Shift" not used
unewstorage.pas(53,3) Note: Local variable "CtrDisabled" is assigned but never used
unewstorage.pas(54,3) Note: Local variable "ActControl" not used
Writing Resource String Table file: unewstorage.rst
Compiling urepairpositionframe.pas
urepairpositionframe.pas(41,26) Hint: Parameter "Sender" not used
urepairpositionframe.pas(42,32) Hint: Parameter "Sender" not used
urepairpositionframe.pas(43,36) Hint: Parameter "Sender" not used
urepairpositionframe.pas(43,53) Hint: Parameter "FromIndex" not used
urepairpositionframe.pas(43,64) Hint: Parameter "ToIndex" not used
urepairpositionframe.pas(45,36) Hint: Parameter "Sender" not used
urepairpositionframe.pas(122,3) Note: Local variable "aFilter" not used
urepairpositionframe.pas(46,37) Hint: Parameter "Sender" not used
urepairpositionframe.pas(47,11) Hint: Parameter "Editor" not used
Writing Resource String Table file: urepairpositionframe.rst
Compiling uorderaddressframe.pas
uorderaddressframe.pas(36,28) Hint: Parameter "Sender" not used
uorderaddressframe.pas(35,38) Hint: Parameter "Sender" not used
uorderaddressframe.pas(34,36) Hint: Parameter "Sender" not used
uorderaddressframe.pas(33,38) Hint: Parameter "Sender" not used
uorderaddressframe.pas(37,37) Hint: Parameter "Sender" not used
uorderaddressframe.pas(38,26) Hint: Parameter "Sender" not used
uorderaddressframe.pas(39,30) Hint: Parameter "Sender" not used
uorderaddressframe.pas(40,32) Hint: Parameter "Sender" not used
uorderaddressframe.pas(40,57) Hint: Parameter "X" not used
uorderaddressframe.pas(40,60) Hint: Parameter "Y" not used
uorderaddressframe.pas(41,32) Hint: Parameter "Sender" not used
uorderaddressframe.pas(41,57) Hint: Parameter "X" not used
uorderaddressframe.pas(41,60) Hint: Parameter "Y" not used
uorderaddressframe.pas(42,7) Hint: Parameter "State" not used
uorderaddressframe.pas(43,28) Hint: Parameter "Sender" not used
uorderaddressframe.pas(44,31) Hint: Parameter "Sender" not used
uorderaddressframe.pas(46,32) Hint: Parameter "Sender" not used
uorderaddressframe.pas(46,53) Hint: Parameter "Key" not used
uorderaddressframe.pas(47,32) Hint: Parameter "Sender" not used
uorderaddressframe.pas(310,25) Warning: Function result does not seem to be set
uorderaddressframe.pas(15,40) Hint: Unit "DBGrids" not used in uorderaddressframe
uorderframe.pas(283,40) Warning: Local variable "SearchLocations" does not seem to be initialized
uorderframe.pas(229,3) Note: Local variable "i" not used
uorderframe.pas(230,3) Note: Local variable "tmp" not used
uorderframe.pas(164,7) Hint: Parameter "Shift" not used
uorderframe.pas(131,30) Hint: Parameter "Sender" not used
uorderframe.pas(303,3) Note: Local variable "aFilter" not used
uorderframe.pas(132,39) Hint: Parameter "Sender" not used
uorderframe.pas(133,31) Hint: Parameter "Sender" not used
uorderframe.pas(134,36) Hint: Parameter "Sender" not used
uorderframe.pas(135,35) Hint: Parameter "Sender" not used
uorderframe.pas(389,46) Hint: Conversion between ordinals and pointers is not portable
uorderframe.pas(136,30) Hint: Parameter "Sender" not used
uorderframe.pas(137,31) Hint: Parameter "Sender" not used
uorderframe.pas(130,31) Hint: Parameter "Sender" not used
uorderframe.pas(129,35) Hint: Parameter "Sender" not used
uorderframe.pas(138,29) Hint: Parameter "Sender" not used
uorderframe.pas(139,41) Hint: Parameter "Sender" not used
uorderframe.pas(140,37) Hint: Parameter "Sender" not used
uorderframe.pas(458,3) Note: Local variable "OrderType" is assigned but never used
uorderframe.pas(459,3) Note: Local variable "Rec" not used
uorderframe.pas(141,30) Hint: Parameter "Sender" not used
uorderframe.pas(142,33) Hint: Parameter "Sender" not used
uorderframe.pas(143,33) Hint: Parameter "Sender" not used
uorderframe.pas(145,52) Hint: Parameter "aIdent" not used
uorderframe.pas(146,22) Hint: Parameter "aStatus" not used
uorderframe.pas(146,72) Hint: Parameter "aItem" not used
uorderframe.pas(147,30) Hint: Parameter "Sender" not used
uorderframe.pas(156,26) Hint: Parameter "Data" not used
uorderframe.pas(591,49) Warning: Constructing a class "TDocuments" with abstract method "GetTextFieldName"
ubasedbclasses.pas(124,14) Hint: Found abstract method: TBaseDbList.GetTextFieldName(<TBaseDbList>,<var AnsiString>):AnsiString;
uorderframe.pas(718,48) Warning: Constructing a class "TfHistoryFrame" with abstract method "SetLanguage"
uprometframesinplacedb.pas(26,15) Hint: Found abstract method: TPrometInplaceDBFrame.SetLanguage(<TPrometInplaceDBFrame>);
uorderframe.pas(718,48) Warning: Constructing a class "TfHistoryFrame" with abstract method "OpenFromLink"
uprometframesinplacedb.pas(27,14) Hint: Found abstract method: TPrometInplaceDBFrame.OpenFromLink(<TPrometInplaceDBFrame>,AnsiString):Boolean;
uorderframe.pas(722,49) Warning: Constructing a class "TDocuments" with abstract method "GetTextFieldName"
ubasedbclasses.pas(124,14) Hint: Found abstract method: TBaseDbList.GetTextFieldName(<TBaseDbList>,<var AnsiString>):AnsiString;
uorderframe.pas(741,49) Warning: Constructing a class "TfLinkFrame" with abstract method "SetLanguage"
uprometframesinplacedb.pas(26,15) Hint: Found abstract method: TPrometInplaceDBFrame.SetLanguage(<TPrometInplaceDBFrame>);
uorderframe.pas(741,49) Warning: Constructing a class "TfLinkFrame" with abstract method "OpenFromLink"
uprometframesinplacedb.pas(27,14) Hint: Found abstract method: TPrometInplaceDBFrame.OpenFromLink(<TPrometInplaceDBFrame>,AnsiString):Boolean;
uorderframe.pas(774,3) Note: Local variable "OrderType" is assigned but never used
uorderframe.pas(882,41) Warning: Constructing a class "TfPreview" with abstract method "SetLanguage"
uprometframes.pas(41,15) Hint: Found abstract method: TPrometMainFrame.SetLanguage(<TPrometMainFrame>);
uorderframe.pas(199,3) Hint: Local const "strSearchfromOrderAddress" is not used
uorderframe.pas(200,3) Hint: Local const "strNoCustomerFound" is not used
Writing Resource String Table file: uorderframe.rst
upersonframe.pas(124,45) Hint: Parameter "Sender" not used
upersonframe.pas(125,30) Hint: Parameter "Sender" not used
upersonframe.pas(279,3) Note: Local variable "aRec" not used
upersonframe.pas(280,3) Note: Local variable "OldFilter" not used
upersonframe.pas(127,40) Hint: Parameter "Sender" not used
upersonframe.pas(127,65) Hint: Parameter "X" not used
upersonframe.pas(127,68) Hint: Parameter "Y" not used
upersonframe.pas(128,40) Hint: Parameter "Sender" not used
upersonframe.pas(128,65) Hint: Parameter "X" not used
upersonframe.pas(128,68) Hint: Parameter "Y" not used
upersonframe.pas(129,7) Hint: Parameter "State" not used
upersonframe.pas(130,43) Hint: Parameter "Sender" not used
upersonframe.pas(117,34) Hint: Parameter "Sender" not used
upersonframe.pas(118,30) Hint: Parameter "Sender" not used
upersonframe.pas(119,35) Hint: Parameter "Sender" not used
upersonframe.pas(120,36) Hint: Parameter "Sender" not used
upersonframe.pas(121,35) Hint: Parameter "Sender" not used
upersonframe.pas(122,33) Hint: Parameter "Sender" not used
upersonframe.pas(114,29) Hint: Parameter "Sender" not used
upersonframe.pas(115,35) Hint: Parameter "Sender" not used
upersonframe.pas(116,30) Hint: Parameter "Sender" not used
upersonframe.pas(106,31) Hint: Parameter "Sender" not used
upersonframe.pas(553,60) Warning: Constructing a class "TfLinkFrame" with abstract method "SetLanguage"
uprometframesinplacedb.pas(26,15) Hint: Found abstract method: TPrometInplaceDBFrame.SetLanguage(<TPrometInplaceDBFrame>);
upersonframe.pas(553,60) Warning: Constructing a class "TfLinkFrame" with abstract method "OpenFromLink"
uprometframesinplacedb.pas(27,14) Hint: Found abstract method: TPrometInplaceDBFrame.OpenFromLink(<TPrometInplaceDBFrame>,AnsiString):Boolean;
upersonframe.pas(531,3) Note: Local variable "aLinkIndex" not used
upersonframe.pas(107,30) Hint: Parameter "Sender" not used
upersonframe.pas(108,31) Hint: Parameter "Sender" not used
upersonframe.pas(109,31) Hint: Parameter "Sender" not used
upersonframe.pas(110,31) Hint: Parameter "Sender" not used
upersonframe.pas(111,33) Hint: Parameter "Sender" not used
upersonframe.pas(112,30) Hint: Parameter "Sender" not used
upersonframe.pas(113,31) Hint: Parameter "Sender" not used
upersonframe.pas(648,37) Warning: Constructing a class "TfFilter" with abstract method "SetLanguage"
uprometframes.pas(41,15) Hint: Found abstract method: TPrometMainFrame.SetLanguage(<TPrometMainFrame>);
upersonframe.pas(645,3) Note: Local variable "i" not used
upersonframe.pas(765,49) Warning: Constructing a class "TDocuments" with abstract method "GetTextFieldName"
ubasedbclasses.pas(124,14) Hint: Found abstract method: TBaseDbList.GetTextFieldName(<TBaseDbList>,<var AnsiString>):AnsiString;
upersonframe.pas(884,47) Warning: Constructing a class "TfAddressFrame" with abstract method "SetLanguage"
uprometframesinplacedb.pas(26,15) Hint: Found abstract method: TPrometInplaceDBFrame.SetLanguage(<TPrometInplaceDBFrame>);
upersonframe.pas(884,47) Warning: Constructing a class "TfAddressFrame" with abstract method "OpenFromLink"
uprometframesinplacedb.pas(27,14) Hint: Found abstract method: TPrometInplaceDBFrame.OpenFromLink(<TPrometInplaceDBFrame>,AnsiString):Boolean;
upersonframe.pas(887,44) Warning: Constructing a class "TfTextFrame" with abstract method "SetLanguage"
uprometframesinplacedb.pas(26,15) Hint: Found abstract method: TPrometInplaceDBFrame.SetLanguage(<TPrometInplaceDBFrame>);
upersonframe.pas(887,44) Warning: Constructing a class "TfTextFrame" with abstract method "OpenFromLink"
uprometframesinplacedb.pas(27,14) Hint: Found abstract method: TPrometInplaceDBFrame.OpenFromLink(<TPrometInplaceDBFrame>,AnsiString):Boolean;
upersonframe.pas(891,47) Warning: Constructing a class "TfHistoryFrame" with abstract method "SetLanguage"
uprometframesinplacedb.pas(26,15) Hint: Found abstract method: TPrometInplaceDBFrame.SetLanguage(<TPrometInplaceDBFrame>);
upersonframe.pas(891,47) Warning: Constructing a class "TfHistoryFrame" with abstract method "OpenFromLink"
uprometframesinplacedb.pas(27,14) Hint: Found abstract method: TPrometInplaceDBFrame.OpenFromLink(<TPrometInplaceDBFrame>,AnsiString):Boolean;
upersonframe.pas(907,45) Warning: Constructing a class "TfImageFrame" with abstract method "SetLanguage"
uprometframesinplacedb.pas(26,15) Hint: Found abstract method: TPrometInplaceDBFrame.SetLanguage(<TPrometInplaceDBFrame>);
upersonframe.pas(907,45) Warning: Constructing a class "TfImageFrame" with abstract method "OpenFromLink"
uprometframesinplacedb.pas(27,14) Hint: Found abstract method: TPrometInplaceDBFrame.OpenFromLink(<TPrometInplaceDBFrame>,AnsiString):Boolean;
upersonframe.pas(912,48) Warning: Constructing a class "TfPersonFinance" with abstract method "SetLanguage"
uprometframesinplacedb.pas(26,15) Hint: Found abstract method: TPrometInplaceDBFrame.SetLanguage(<TPrometInplaceDBFrame>);
upersonframe.pas(912,48) Warning: Constructing a class "TfPersonFinance" with abstract method "OpenFromLink"
uprometframesinplacedb.pas(27,14) Hint: Found abstract method: TPrometInplaceDBFrame.OpenFromLink(<TPrometInplaceDBFrame>,AnsiString):Boolean;
upersonframe.pas(916,44) Warning: Constructing a class "TfLinkFrame" with abstract method "SetLanguage"
uprometframesinplacedb.pas(26,15) Hint: Found abstract method: TPrometInplaceDBFrame.SetLanguage(<TPrometInplaceDBFrame>);
upersonframe.pas(916,44) Warning: Constructing a class "TfLinkFrame" with abstract method "OpenFromLink"
uprometframesinplacedb.pas(27,14) Hint: Found abstract method: TPrometInplaceDBFrame.OpenFromLink(<TPrometInplaceDBFrame>,AnsiString):Boolean;
upersonframe.pas(920,68) Warning: Constructing a class "TDocuments" with abstract method "GetTextFieldName"
ubasedbclasses.pas(124,14) Hint: Found abstract method: TBaseDbList.GetTextFieldName(<TBaseDbList>,<var AnsiString>):AnsiString;
upersonframe.pas(802,5) Note: Local variable "a" not used
upersonframe.pas(1019,45) Warning: Constructing a class "TfAddressFrame" with abstract method "SetLanguage"
uprometframesinplacedb.pas(26,15) Hint: Found abstract method: TPrometInplaceDBFrame.SetLanguage(<TPrometInplaceDBFrame>);
upersonframe.pas(1019,45) Warning: Constructing a class "TfAddressFrame" with abstract method "OpenFromLink"
uprometframesinplacedb.pas(27,14) Hint: Found abstract method: TPrometInplaceDBFrame.OpenFromLink(<TPrometInplaceDBFrame>,AnsiString):Boolean;
upersonframe.pas(17,43) Hint: Unit "StdActns" not used in uPersonFrame
Writing Resource String Table file: upersonframe.rst
Compiling uaccountingframe.pas
Compiling ubookaccounting.pas
ubookaccounting.pas(30,30) Hint: Parameter "Sender" not used
ubookaccounting.pas(14,53) Hint: Unit "maskedit" not used in uBookAccounting
ubookaccounting.pas(15,20) Hint: Unit "uBaseERPDBClasses" not used in uBookAccounting
Compiling ufindtransaction.pas
ufindtransaction.pas(19,28) Hint: Parameter "Sender" not used
ufindtransaction.pas(20,24) Hint: Parameter "Sender" not used
ufindtransaction.pas(77,33) Warning: Constructing a class "TfFilter" with abstract method "SetLanguage"
uprometframes.pas(41,15) Hint: Found abstract method: TPrometMainFrame.SetLanguage(<TPrometMainFrame>);
uaccountingframe.pas(63,47) Warning: Some fields coming after "RightToLeft" weren't initialized
uaccountingframe.pas(23,37) Hint: Parameter "Sender" not used
uaccountingframe.pas(24,43) Hint: Parameter "Sender" not used
uaccountingframe.pas(25,39) Hint: Parameter "Sender" not used
uaccountingframe.pas(21,40) Hint: Parameter "Sender" not used
uaccountingframe.pas(22,36) Hint: Parameter "Sender" not used
uaccountingframe.pas(171,33) Warning: Constructing a class "TfFilter" with abstract method "SetLanguage"
uprometframes.pas(41,15) Hint: Found abstract method: TPrometMainFrame.SetLanguage(<TPrometMainFrame>);
uaccountingframe.pas(167,3) Note: Local variable "tmp" not used
uaccountingframe.pas(49,3) Hint: Local const "strTransactionEqualToorder" is not used
uaccountingframe.pas(44,64) Hint: Unit "uBaseERPDBClasses" not used in uAccountingFrame
uaccountingframe.pas(45,41) Hint: Unit "uPerson" not used in uAccountingFrame
uaccountingframe.pas(45,48) Hint: Unit "uOrder" not used in uAccountingFrame
Writing Resource String Table file: uaccountingframe.rst
Compiling uarticleframe.pas
uarticleframe.pas(140,15) Warning: An inherited method is hidden by "TfArticleFrame.DoOpen(Boolean="TRUE");"
Compiling uarticlepositionframe.pas
Writing Resource String Table file: uarticlepositionframe.rst
Compiling uarticlestorageframe.pas
uarticlestorageframe.pas(24,39) Hint: Parameter "Sender" not used
uarticlestorageframe.pas(48,33) Warning: Constructing a class "TfFilter" with abstract method "SetLanguage"
uprometframes.pas(41,15) Hint: Found abstract method: TPrometMainFrame.SetLanguage(<TPrometMainFrame>);
Compiling uarticlerepairframe.pas
Compiling uarticletext.pas
uarticletext.pas(28,31) Hint: Parameter "Sender" not used
Compiling ucopyarticledata.pas
ucopyarticledata.pas(14,48) Hint: Unit "uIntfStrConsts" not used in uCopyArticleData
Compiling uarticlesupplierframe.pas
uarticlesupplierframe.pas(39,33) Hint: Parameter "Sender" not used
uarticlesupplierframe.pas(39,58) Hint: Parameter "X" not used
uarticlesupplierframe.pas(39,61) Hint: Parameter "Y" not used
uarticlesupplierframe.pas(40,7) Hint: Parameter "State" not used
uarticlesupplierframe.pas(72,3) Note: Local variable "aRec" not used
uarticlesupplierframe.pas(73,3) Note: Local variable "OldFilter" not used
uarticlesupplierframe.pas(38,33) Hint: Parameter "Sender" not used
uarticlesupplierframe.pas(38,58) Hint: Parameter "X" not used
uarticlesupplierframe.pas(38,61) Hint: Parameter "Y" not used
uarticleframe.pas(114,29) Hint: Parameter "Sender" not used
uarticleframe.pas(115,35) Hint: Parameter "Sender" not used
uarticleframe.pas(116,34) Hint: Parameter "Sender" not used
uarticleframe.pas(117,30) Hint: Parameter "Sender" not used
uarticleframe.pas(226,40) Warning: Local variable "TargetVer" does not seem to be initialized
uarticleframe.pas(118,29) Hint: Parameter "Sender" not used
uarticleframe.pas(119,31) Hint: Parameter "Sender" not used
uarticleframe.pas(120,26) Hint: Parameter "Sender" not used
uarticleframe.pas(121,25) Hint: Parameter "Sender" not used
uarticleframe.pas(122,37) Hint: Parameter "Sender" not used
uarticleframe.pas(123,32) Hint: Parameter "Sender" not used
uarticleframe.pas(124,30) Hint: Parameter "Sender" not used
uarticleframe.pas(306,49) Warning: Constructing a class "TDocuments" with abstract method "GetTextFieldName"
ubasedbclasses.pas(124,14) Hint: Found abstract method: TBaseDbList.GetTextFieldName(<TBaseDbList>,<var AnsiString>):AnsiString;
uarticleframe.pas(109,31) Hint: Parameter "Sender" not used
uarticleframe.pas(110,30) Hint: Parameter "Sender" not used
uarticleframe.pas(111,31) Hint: Parameter "Sender" not used
uarticleframe.pas(112,30) Hint: Parameter "Sender" not used
uarticleframe.pas(113,31) Hint: Parameter "Sender" not used
uarticleframe.pas(471,49) Warning: Constructing a class "TDocuments" with abstract method "GetTextFieldName"
ubasedbclasses.pas(124,14) Hint: Found abstract method: TBaseDbList.GetTextFieldName(<TBaseDbList>,<var AnsiString>):AnsiString;
uarticleframe.pas(504,47) Warning: Constructing a class "TfHistoryFrame" with abstract method "SetLanguage"
uprometframesinplacedb.pas(26,15) Hint: Found abstract method: TPrometInplaceDBFrame.SetLanguage(<TPrometInplaceDBFrame>);
uarticleframe.pas(504,47) Warning: Constructing a class "TfHistoryFrame" with abstract method "OpenFromLink"
uprometframesinplacedb.pas(27,14) Hint: Found abstract method: TPrometInplaceDBFrame.OpenFromLink(<TPrometInplaceDBFrame>,AnsiString):Boolean;
uarticleframe.pas(520,45) Warning: Constructing a class "TfImageFrame" with abstract method "SetLanguage"
uprometframesinplacedb.pas(26,15) Hint: Found abstract method: TPrometInplaceDBFrame.SetLanguage(<TPrometInplaceDBFrame>);
uarticleframe.pas(520,45) Warning: Constructing a class "TfImageFrame" with abstract method "OpenFromLink"
uprometframesinplacedb.pas(27,14) Hint: Found abstract method: TPrometInplaceDBFrame.OpenFromLink(<TPrometInplaceDBFrame>,AnsiString):Boolean;
uarticleframe.pas(525,44) Warning: Constructing a class "TfLinkFrame" with abstract method "SetLanguage"
uprometframesinplacedb.pas(26,15) Hint: Found abstract method: TPrometInplaceDBFrame.SetLanguage(<TPrometInplaceDBFrame>);
uarticleframe.pas(525,44) Warning: Constructing a class "TfLinkFrame" with abstract method "OpenFromLink"
uprometframesinplacedb.pas(27,14) Hint: Found abstract method: TPrometInplaceDBFrame.OpenFromLink(<TPrometInplaceDBFrame>,AnsiString):Boolean;
uarticleframe.pas(386,3) Note: Local variable "aFilter" is assigned but never used
Writing Resource String Table file: uarticleframe.rst
Compiling usystemoptions.pas
Compiling ustateoptions.pas
ustateoptions.pas(8,57) Hint: Unit "ComCtrls" not used in uStateOptions
ustateoptions.pas(8,67) Hint: Unit "StdCtrls" not used in uStateOptions
ustateoptions.pas(9,63) Hint: Unit "uBaseDbClasses" not used in uStateOptions
Compiling ucategoryoptions.pas
ucategoryoptions.pas(8,57) Hint: Unit "ComCtrls" not used in ucategoryoptions
ucategoryoptions.pas(8,67) Hint: Unit "StdCtrls" not used in ucategoryoptions
ucategoryoptions.pas(9,63) Hint: Unit "uBaseDbClasses" not used in ucategoryoptions
Compiling uordertypeoptions.pas
uordertypeoptions.pas(38,31) Hint: Parameter "Sender" not used
uordertypeoptions.pas(6,30) Hint: Unit "uBaseDbClasses" not used in uOrderTypeOptions
uordertypeoptions.pas(6,49) Hint: Unit "uBaseERPDBClasses" not used in uOrderTypeOptions
Compiling ustoragetypeoptions.pas
ustoragetypeoptions.pas(9,32) Hint: Unit "uBaseDbClasses" not used in uStorageTypeOptions
ustoragetypeoptions.pas(9,64) Hint: Unit "uMasterdata" not used in uStorageTypeOptions
Compiling ucurrencyoptions.pas
ucurrencyoptions.pas(9,32) Hint: Unit "uBaseDbClasses" not used in uCurrencyOptions
Compiling ulanguageoptions.pas
ulanguageoptions.pas(9,45) Hint: Unit "uBaseDbClasses" not used in uLanguageOptions
Compiling urepairoptions.pas
urepairoptions.pas(8,67) Hint: Unit "StdCtrls" not used in uRepairOptions
urepairoptions.pas(9,45) Hint: Unit "uBaseDbClasses" not used in uRepairOptions
Compiling uphoneoptions.pas
Compiling umailoptions.pas
Compiling umaileditoptions.pas
umaileditoptions.pas(42,33) Hint: Parameter "Sender" not used
umaileditoptions.pas(43,27) Hint: Parameter "Sender" not used
umaileditoptions.pas(43,59) Hint: Parameter "Shift" not used
Writing Resource String Table file: umaileditoptions.rst
umailoptions.pas(20,25) Hint: Parameter "Sender" not used
umailoptions.pas(21,28) Hint: Parameter "Sender" not used
umailoptions.pas(22,39) Hint: Parameter "Sender" not used
Compiling usplash.pas
usplash.pas(31,26) Hint: Parameter "Sender" not used
usplash.pas(32,30) Hint: Parameter "Sender" not used
usplash.pas(18,17) Hint: Unit "uIntfStrConsts" not used in usplash
Compiling utimeframe.pas
utimeframe.pas(8,57) Hint: Unit "StdCtrls" not used in uTimeFrame
Compiling resource /media/source/promet/promet/source/promet.erp/lib/i386-linux-/prometerp.or
Linking /media/source/promet/promet/output/i386-linux/prometerp
/usr/bin/ld: warning: /media/source/promet/promet/output/i386-linux/link.res contains output sections; did you forget -T?
8137 lines compiled, 41.4 sec 
53 warning(s) issued
224 hint(s) issued
32 note(s) issued
compiling sync_db...
invalid Package Link: file "/media/source/promet/source/base/pcmdprometapp.lpk" does not exist.
ERROR: Broken dependency: pcmdprometapp
compiling pop3receiver...
invalid Package Link: file "/media/source/promet/source/base/pcmdprometapp.lpk" does not exist.
invalid Package Link: file "/media/source/promet/source/base_wiki/wiki2html_pkg.lpk" does not exist.
ERROR: Broken dependency: pmimemessages 0.0>pmimemessages 0.0>pmimemessages 0.0
compiling rssreceiver...
invalid Package Link: file "/media/source/promet/source/base/pcmdprometapp.lpk" does not exist.
invalid Package Link: file "/media/source/promet/source/base_wiki/wiki2html_pkg.lpk" does not exist.
ERROR: Broken dependency: pcmdprometapp 0.0>pcmdprometapp 0.0>pcmdprometapp 0.0
compiling smtpsender...
invalid Package Link: file "/media/source/promet/source/base/pcmdprometapp.lpk" does not exist.
invalid Package Link: file "/media/source/promet/source/base_wiki/wiki2html_pkg.lpk" does not exist.
ERROR: Broken dependency: pmimemessages 0.0>pmimemessages 0.0>pmimemessages 0.0
invalid Package Link: file "/media/source/promet/source/base/phelp.lpk" does not exist.
invalid Package Link: file "/media/source/promet/source/base/pvisualprometapp.lpk" does not exist.
ERROR: Broken dependency: phelp
ERROR: Broken dependency: general
invalid Package Link: file "/media/source/promet/source/base/pvisualprometapp.lpk" does not exist.
ERROR: Broken dependency: pVisualPrometApp
invalid Package Link: file "/media/source/promet/source/base/pcmdprometapp.lpk" does not exist.
invalid Package Link: file "/media/source/promet/source/base_wiki/wiki2html_pkg.lpk" does not exist.
ERROR: Broken dependency: pcmdprometapp 0.0>pcmdprometapp 0.0>pcmdprometapp 0.0
invalid Package Link: file "/media/source/promet/source/base/pcmdprometapp.lpk" does not exist.
ERROR: Broken dependency: pcmdprometapp
invalid Package Link: file "/media/source/promet/source/base/pcmdprometapp.lpk" does not exist.
ERROR: Broken dependency: pcmdprometapp
invalid Package Link: file "/media/source/promet/source/base/pvisualprometapp.lpk" does not exist.
ERROR: Broken dependency: pVisualPrometApp
invalid Package Link: file "/media/source/promet/source/base/pvisualprometapp.lpk" does not exist.
ERROR: Broken dependency: pVisualPrometApp
invalid Package Link: file "/media/source/promet/source/base/pvisualprometapp.lpk" does not exist.
ERROR: Broken dependency: pVisualPrometApp
invalid Package Link: file "/media/source/promet/source/base/phelp.lpk" does not exist.
invalid Package Link: file "/media/source/promet/source/base/pvisualprometapp.lpk" does not exist.
ERROR: Broken dependency: phelp
